2019-11-27T15:52:26	sebastian.mieruch.at.awi.de	5:24	20	1	0	0
2019-11-27T15:52:44	sebastian.mieruch.at.awi.de	0:3	12	1	0	0
2019-11-27T15:56:53	sebastian.mieruch.at.awi.de	1:47	36	1	0	0
2019-11-27T15:59:54	sebastian.mieruch.at.awi.de	2:39	12	1	0	0
2019-11-27T16:00:49	sebastian.mieruch.at.awi.de	0:47	12	1	0	0
2019-11-27T16:07:26	sebastian.mieruch.at.awi.de	0:8	16	1	0	0
2019-11-27T16:10:45	sebastian.mieruch.at.awi.de	0:15	32	1	0	0
2019-11-27T16:11:09	sebastian.mieruch.at.awi.de	0:23	24	1	0	0
2019-11-27T16:11:22	sebastian.mieruch.at.awi.de	0:13	12	1	0	0
2019-12-02T12:48:43	sebastian.mieruch.at.awi.de	0:30	28	1	0	0
2019-12-02T14:10:35	sebastian.mieruch.at.awi.de	0:15	16	1	0	0
2019-12-03T07:03:13	sebastian.mieruch.at.awi.de	0:6	20	1	0	0
2019-12-03T07:06:51	sebastian.mieruch.at.awi.de	0:12	24	1	0	0
2019-12-06T08:07:55	sebastian.mieruch.at.awi.de	0:11	16	1	0	0
2019-12-06T09:00:37	sebastian.mieruch.at.awi.de	52:41	40	1	0	0
2019-12-06T13:43:52	sebastian.mieruch.at.awi.de	0:4	20	1	0	0
2019-12-06T13:46:29	sebastian.mieruch.at.awi.de	0:47	28	1	0	0
2019-12-06T13:56:27	sebastian.mieruch.at.awi.de	0:2	16	1	0	0
2019-12-07T08:01:38	sebastian.mieruch.at.awi.de	0:10	16	1	0	0
2019-12-07T08:05:12	sebastian.mieruch.at.awi.de	1:33	16	1	0	0
2019-12-07T08:06:20	sebastian.mieruch.at.awi.de	1:7	12	1	0	0
2019-12-07T08:12:24	sebastian.mieruch.at.awi.de	0:57	12	1	0	0
2019-12-07T08:12:27	sebastian.mieruch.at.awi.de	0:2	12	1	0	0
2019-12-07T17:28:36	sebastian.mieruch.at.awi.de	0:20	16	1	0	0
2019-12-07T17:29:59	sebastian.mieruch.at.awi.de	1:15	12	1	0	0
2019-12-07T17:30:32	sebastian.mieruch.at.awi.de	0:32	16	1	0	0
2019-12-07T17:33:04	sebastian.mieruch.at.awi.de	2:32	12	1	0	0
2019-12-07T17:34:30	sebastian.mieruch.at.awi.de	1:25	12	1	0	0
2019-12-07T17:34:52	sebastian.mieruch.at.awi.de	0:0	12	1	0	0
2019-12-07T17:37:53	sebastian.mieruch.at.awi.de	2:48	12	1	0	0
2019-12-07T17:38:47	sebastian.mieruch.at.awi.de	0:53	12	1	0	0
2019-12-07T17:38:47	sebastian.mieruch.at.awi.de	0:0	12	1	0	0
2019-12-07T17:40:23	sebastian.mieruch.at.awi.de	0:0	12	1	0	0
2019-12-09T14:05:29	sebastian.mieruch.at.awi.de	17:26	56	7	0	0
2019-12-09T14:06:55	sebastian.mieruch.at.awi.de	1:11	12	1	0	0
2019-12-09T14:08:28	sebastian.mieruch.at.awi.de	1:31	12	1	0	0
2019-12-09T14:16:17	sebastian.mieruch.at.awi.de	5:42	12	1	0	0
2019-12-09T14:21:33	sebastian.mieruch.at.awi.de	3:43	33	4	0	0
2019-12-09T15:31:33	sebastian.mieruch.at.awi.de	69:58	26	3	0	0
2019-12-09T16:12:17	sebastian.mieruch.at.awi.de	1:7	33	4	0	0
2019-12-09T19:10:35	sebastian.mieruch.at.awi.de	132:52	16	1	0	0
2019-12-10T10:52:39	sebastian.mieruch.at.awi.de	6:42	29	4	0	0
2019-12-10T11:06:59	sebastian.mieruch.at.awi.de	14:9	12	1	0	0
2019-12-10T12:12:04	sebastian.mieruch.at.awi.de	64:58	12	1	0	0
2019-12-10T12:35:45	sebastian.mieruch.at.awi.de	0:36	12	1	0	0
2019-12-10T16:00:07	sebastian.mieruch.at.awi.de	4:35	58	3	0	0
2019-12-10T16:09:40	sebastian.mieruch.at.awi.de	0:42	16	1	0	0
2019-12-10T16:12:00	sebastian.mieruch.at.awi.de	1:22	36	1	0	0
2019-12-10T16:12:13	sebastian.mieruch.at.awi.de	0:5	16	1	0	0
2019-12-12T17:14:03	sebastian.mieruch.at.awi.de	64:59	16	1	0	0
2019-12-16T08:51:20	sebastian.mieruch.at.awi.de	0:40	12	1	0	0
2019-12-16T11:09:04	sebastian.mieruch.at.awi.de	0:05	16	1	0	0
2019-12-20T12:52:38	sebastian.mieruch.at.awi.de	0:29	68	1	0	0
2019-12-20T13:13:34	sebastian.mieruch.at.awi.de	0:03	12	1	0	0
2019-12-20T13:34:01	sebastian.mieruch.at.awi.de	0:09	24	1	0	0
2019-12-20T13:38:02	sebastian.mieruch.at.awi.de	0:11	28	1	0	0
2019-12-21T08:28:29	sebastian.mieruch.at.awi.de	2:19	20	1	0	0
2019-12-21T08:29:16	sebastian.mieruch.at.awi.de	0:04	20	1	0	0
2019-12-21T09:18:47	sebastian.mieruch.at.awi.de	0:03	20	1	0	0
2019-12-21T13:31:36	sebastian.mieruch.at.awi.de	5:01	12	1	0	0
2019-12-21T13:32:40	sebastian.mieruch.at.awi.de	0:12	1	1	0	0
2019-12-21T13:33:50	sebastian.mieruch.at.awi.de	0:11	1	1	0	0
2019-12-21T13:34:03	sebastian.mieruch.at.awi.de	0:12	1	1	0	0
2019-12-21T13:35:00	sebastian.mieruch.at.awi.de	0:18	1	1	0	0
2020-01-09T12:17:41	sebastian.mieruch.at.awi.de	0:05	20	1	0	0
2020-01-09T12:28:40	sebastian.mieruch.at.awi.de	0:03	16	1	0	0
2020-01-09T14:26:53	sebastian.mieruch.at.awi.de	0:05	16	1	0	0
2020-01-09T14:27:16	sebastian.mieruch.at.awi.de	0:02	16	1	0	0
2020-01-15T09:42:19	sebastian.mieruch.at.awi.de	0:04	20	1	0	0
2020-01-23T15:04:11	sebastian.mieruch.at.awi.de	2:11	1	1	0	0
2020-01-23T15:06:23	sebastian.mieruch.at.awi.de	2:11	1	1	0	0
2020-01-23T15:08:13	sebastian.mieruch.at.awi.de	1:49	1	1	0	0
2020-01-23T15:08:40	sebastian.mieruch.at.awi.de	0:26	1	1	0	0
2020-01-23T15:09:05	sebastian.mieruch.at.awi.de	0:25	1	1	0	0
2020-01-23T15:10:39	sebastian.mieruch.at.awi.de	1:32	1	1	0	0
2020-01-23T15:11:18	sebastian.mieruch.at.awi.de	0:38	1	1	0	0
2020-01-23T15:11:37	sebastian.mieruch.at.awi.de	0:19	1	1	0	0
2020-01-27T12:18:20	sebastian.mieruch.at.awi.de	0:15	1	1	0	0
2020-01-30T17:00:20	sebastian.mieruch.at.awi.de	0:16	21	1	0	0
2020-03-03T08:18:12	sebastian.mieruch.at.awi.de	0:11	16	1	0	0
2020-03-03T08:18:45	sebastian.mieruch.at.awi.de	0:14	12	1	0	0
2020-03-03T08:20:12	sebastian.mieruch.at.awi.de	0:07	12	1	0	0
2020-03-03T09:25:34	sebastian.mieruch.at.awi.de	64:58	22	1	0	1
2021-06-23T12:50:50	baggi.at.gmx.li	2:06	16	1	0	0	0	1.07
2021-06-23T12:51:41	baggi.at.gmx.li	0:49	308	29	0	0	0	7.1
2021-06-23T12:54:20	baggi.at.gmx.li	2:34	16	1	0	0	0	0.386
2021-06-23T14:00:18	baggi.at.gmx.li	64:59	197	14	0	0	0	4.4
2021-06-23T14:07:11	download_baggi.at.gmx.li	0:00	7	0	0	0	1	0.2
2021-06-23T14:09:27	baggi.at.gmx.li	2:21	34	3	0	0	0	1.35
2021-06-23T15:23:51	download_sebastian.mieruch.at.awi.de	0:02	7	0	0	0	1	0.197
2021-06-23T15:24:26	sebastian.mieruch.at.awi.de	0:51	105	12	0	0	0	2.98
2021-06-23T16:36:05	sebastian.mieruch.at.awi.de	2:01	467	45	0	0	0	9.81
2021-06-23T16:36:24	download_sebastian.mieruch.at.awi.de	0:00	7	0	0	0	1	0.193
2021-06-23T16:36:44	sebastian.mieruch.at.awi.de	0:37	72	17	0	0	0	2.48
2021-06-23T16:37:26	sebastian.mieruch.at.awi.de	0:16	34	7	0	0	0	1.24
2021-06-23T16:39:29	sebastian.mieruch.at.awi.de	1:31	34	7	0	0	0	1.3
2021-06-23T16:39:31	sebastian.mieruch.at.awi.de	0:01	14	1	0	0	0	0.67
2021-06-23T16:41:20	sebastian.mieruch.at.awi.de	1:23	34	7	0	0	0	1.23
2021-06-23T16:41:25	sebastian.mieruch.at.awi.de	0:03	34	7	0	0	0	1.25
2021-06-23T16:43:15	sebastian.mieruch.at.awi.de	0:07	34	7	0	0	0	1.22
2021-06-23T16:43:55	sebastian.mieruch.at.awi.de	0:38	35	7	0	0	0	1.3
2021-06-23T16:45:16	sebastian.mieruch.at.awi.de	1:19	66	15	0	0	0	2.19
2021-06-23T16:45:59	sebastian.mieruch.at.awi.de	0:03	14	1	0	0	0	0.724
2021-06-24T09:32:24	baggi.at.gmx.li	0:04	13	1	0	0	0	1.32
2021-06-24T09:44:38	baggi.at.gmx.li	8:00	24	1	0	0	0	1.11
2021-06-24T09:45:38	baggi.at.gmx.li	0:59	118	11	0	0	0	3.22
2021-06-24T11:55:36	baggi.at.gmx.li	3:02	13	1	0	0	0	0.723
2021-06-24T12:29:26	baggi.at.gmx.li	33:48	79	7	0	0	0	2.31
2021-06-24T13:34:28	baggi.at.gmx.li	64:56	23	1	0	0	0	2
2021-06-25T12:34:46	baggi.at.gmx.li	2:56	24	1	0	0	0	1.04
2021-06-25T12:35:08	baggi.at.gmx.li	0:20	24	1	0	0	0	1.26
2021-06-25T12:35:28	baggi.at.gmx.li	0:18	24	1	0	0	0	0.985
2021-06-25T12:35:34	baggi.at.gmx.li	0:05	24	1	0	0	0	0.965
2021-06-25T12:35:40	baggi.at.gmx.li	0:04	24	1	0	0	0	0.992
2021-06-25T12:35:49	download_baggi.at.gmx.li	0:00	7	0	0	0	1	0.171
2021-06-25T12:37:11	baggi.at.gmx.li	1:28	31	3	0	0	0	1.36
2021-06-25T12:37:17	download_baggi.at.gmx.li	0:00	7	0	0	0	1	0.18
2021-06-25T12:37:40	baggi.at.gmx.li	0:27	34	3	0	0	0	1.3
2021-06-25T12:37:46	download_baggi.at.gmx.li	0:00	7	0	0	0	1	0.199
2021-06-25T12:38:24	baggi.at.gmx.li	0:42	34	3	0	0	0	1.44
2021-06-25T12:38:30	download_baggi.at.gmx.li	0:00	7	0	0	0	1	0.177
2021-06-25T12:38:59	baggi.at.gmx.li	0:33	34	3	0	0	0	1.35
2021-06-25T12:39:04	download_baggi.at.gmx.li	0:00	7	0	0	0	1	0.187
2021-06-25T12:39:53	baggi.at.gmx.li	0:52	31	3	0	0	0	1.35
2021-06-25T12:41:21	baggi.at.gmx.li	1:26	24	1	0	0	0	1.15
2021-06-25T12:41:26	download_baggi.at.gmx.li	0:00	7	0	0	0	1	0.195
2021-06-25T12:41:42	baggi.at.gmx.li	0:19	34	3	0	0	0	1.53
2021-06-25T12:41:53	download_baggi.at.gmx.li	0:00	7	0	0	0	1	0.187
2021-06-25T12:42:10	download_baggi.at.gmx.li	0:01	7	0	0	0	1	0.196
2021-06-25T12:44:51	baggi.at.gmx.li	3:07	41	5	0	0	0	1.67
2021-06-25T12:45:00	baggi.at.gmx.li	0:07	24	1	0	0	0	1.07
2021-06-25T12:45:15	download_baggi.at.gmx.li	0:00	7	0	0	0	1	0.223
2021-06-25T12:46:45	baggi.at.gmx.li	1:37	34	3	0	0	0	1.35
2021-06-25T12:46:51	download_baggi.at.gmx.li	0:00	7	0	0	0	1	0.122
2021-06-25T12:47:39	baggi.at.gmx.li	0:52	34	3	0	0	0	1.39
2021-06-25T12:47:46	download_baggi.at.gmx.li	0:01	7	0	0	0	1	0.177
2021-06-25T12:48:31	baggi.at.gmx.li	0:50	34	3	0	0	0	1.39
2021-06-25T12:48:37	download_baggi.at.gmx.li	0:00	7	0	0	0	1	0.201
2021-06-25T12:49:24	baggi.at.gmx.li	0:51	114	13	0	0	0	3.19
2021-06-25T12:49:35	baggi.at.gmx.li	0:08	34	3	0	0	0	1.44
2021-06-25T13:11:20	baggi.at.gmx.li	0:55	27	1	0	0	0	1.09
2021-06-25T13:11:35	baggi.at.gmx.li	0:13	24	1	0	0	0	1.12
2021-06-25T13:11:49	baggi.at.gmx.li	0:04	24	1	0	0	0	1.15
